XsAndOs/app/build/intermediates/manifest_merge_blame_file/debug/manifest-merger-blame-debug-report.txt
1<?xml version="1.0" encoding="utf-8"?>
2<manifest xmlns:android="http://schemas.android.com/apk/res/android"
3    package="com.example.xsandos"
4    android:versionCode="1"
5    android:versionName="1.0" >
6
7    <uses-sdk
8        android:minSdkVersion="21"
8-->src\main\AndroidManifest.xml
9        android:targetSdkVersion="31" />
9-->src\main\AndroidManifest.xml
10
11    <uses-permission android:name="android.permission.ACCESS_NETWORK_STATE" />
11-->[com.firebaseui:firebase-ui-auth:7.2.0] AndroidManifest.xml:12:5-79
11-->[com.firebaseui:firebase-ui-auth:7.2.0] AndroidManifest.xml:12:22-76
12    <uses-permission android:name="android.permission.INTERNET" />
12-->[com.firebaseui:firebase-ui-auth:7.2.0] AndroidManifest.xml:13:5-67
12-->[com.firebaseui:firebase-ui-auth:7.2.0] AndroidManifest.xml:13:22-64
13    <uses-permission android:name="android.permission.WAKE_LOCK" />
13-->[com.google.android.gms:play-services-measurement:19.0.0] AndroidManifest.xml:25:5-68
13-->[com.google.android.gms:play-services-measurement:19.0.0] AndroidManifest.xml:25:22-65
14    <uses-permission android:name="com.google.android.finsky.permission.BIND_GET_INSTALL_REFERRER_SERVICE" />
14-->[com.google.android.gms:play-services-measurement:19.0.0] AndroidManifest.xml:26:5-110
14-->[com.google.android.gms:play-services-measurement:19.0.0] AndroidManifest.xml:26:22-107
15
16    <application
16-->src\main\AndroidManifest.xml:5:5-34:19
17        android:allowBackup="true"
17-->src\main\AndroidManifest.xml:6:9-35
18        android:appComponentFactory="androidx.core.app.CoreComponentFactory"
18-->[androidx.core:core:1.5.0] AndroidManifest.xml:24:18-86
19        android:debuggable="true"
20        android:icon="@mipmap/ic_launcher"
20-->src\main\AndroidManifest.xml:7:9-43
21        android:label="@string/app_name"
21-->src\main\AndroidManifest.xml:8:9-41
22        android:roundIcon="@mipmap/ic_launcher_round"
22-->src\main\AndroidManifest.xml:9:9-54
23        android:supportsRtl="true"
23-->src\main\AndroidManifest.xml:10:9-35
24        android:testOnly="true"
25        android:theme="@style/Theme.XsAndOs" >
25-->src\main\AndroidManifest.xml:11:9-45
26        <activity
26-->src\main\AndroidManifest.xml:12:9-14:39
27            android:name="com.example.xsandos.JoinOrCreate"
27-->src\main\AndroidManifest.xml:13:13-41
28            android:exported="true" />
28-->src\main\AndroidManifest.xml:14:13-36
29        <activity
29-->src\main\AndroidManifest.xml:15:9-18:20
30            android:name="com.example.xsandos.FirebaseUIActivity"
30-->src\main\AndroidManifest.xml:16:13-47
31            android:exported="true" >
31-->src\main\AndroidManifest.xml:17:13-36
32        </activity>
33        <activity
33-->src\main\AndroidManifest.xml:19:9-21:39
34            android:name="com.example.xsandos.MultiplayerView"
34-->src\main\AndroidManifest.xml:20:13-44
35            android:exported="true" />
35-->src\main\AndroidManifest.xml:21:13-36
36        <activity
36-->src\main\AndroidManifest.xml:22:9-24:39
37            android:name="com.example.xsandos.SinglePlayerView"
37-->src\main\AndroidManifest.xml:23:13-45
38            android:exported="true" />
38-->src\main\AndroidManifest.xml:24:13-36
39        <activity
39-->src\main\AndroidManifest.xml:25:9-33:20
40            android:name="com.example.xsandos.MainActivity"
40-->src\main\AndroidManifest.xml:26:13-41
41            android:exported="true" >
41-->src\main\AndroidManifest.xml:27:13-36
42            <intent-filter>
42-->src\main\AndroidManifest.xml:28:13-32:29
43                <action android:name="android.intent.action.MAIN" />
43-->src\main\AndroidManifest.xml:29:17-69
43-->src\main\AndroidManifest.xml:29:25-66
44
45                <category android:name="android.intent.category.LAUNCHER" />
45-->src\main\AndroidManifest.xml:31:17-77
45-->src\main\AndroidManifest.xml:31:27-74
46            </intent-filter>
47        </activity>
48
49        <meta-data
49-->[com.firebaseui:firebase-ui-auth:7.2.0] AndroidManifest.xml:16:9-18:69
50            android:name="com.google.android.gms.version"
50-->[com.firebaseui:firebase-ui-auth:7.2.0] AndroidManifest.xml:17:13-58
51            android:value="@integer/google_play_services_version" />
51-->[com.firebaseui:firebase-ui-auth:7.2.0] AndroidManifest.xml:18:13-66
52        <meta-data
52-->[com.firebaseui:firebase-ui-auth:7.2.0] AndroidManifest.xml:19:9-21:63
53            android:name="com.facebook.sdk.ApplicationId"
53-->[com.firebaseui:firebase-ui-auth:7.2.0] AndroidManifest.xml:20:13-58
54            android:value="@string/facebook_application_id" />
54-->[com.firebaseui:firebase-ui-auth:7.2.0] AndroidManifest.xml:21:13-60
55
56        <activity
56-->[com.firebaseui:firebase-ui-auth:7.2.0] AndroidManifest.xml:23:9-27:61
57            android:name="com.firebase.ui.auth.KickoffActivity"
57-->[com.firebaseui:firebase-ui-auth:7.2.0] AndroidManifest.xml:24:13-64
58            android:exported="false"
58-->[com.firebaseui:firebase-ui-auth:7.2.0] AndroidManifest.xml:25:13-37
59            android:label=""
59-->[com.firebaseui:firebase-ui-auth:7.2.0] AndroidManifest.xml:26:13-29
60            android:theme="@style/FirebaseUI.Transparent" />
60-->[com.firebaseui:firebase-ui-auth:7.2.0] AndroidManifest.xml:27:13-58
61        <activity
61-->[com.firebaseui:firebase-ui-auth:7.2.0] AndroidManifest.xml:28:9-32:61
62            android:name="com.firebase.ui.auth.ui.idp.SingleSignInActivity"
62-->[com.firebaseui:firebase-ui-auth:7.2.0] AndroidManifest.xml:29:13-76
63            android:exported="false"
63-->[com.firebaseui:firebase-ui-auth:7.2.0] AndroidManifest.xml:30:13-37
64            android:label=""
64-->[com.firebaseui:firebase-ui-auth:7.2.0] AndroidManifest.xml:31:13-29
65            android:theme="@style/FirebaseUI.Transparent" />
65-->[com.firebaseui:firebase-ui-auth:7.2.0] AndroidManifest.xml:32:13-58
66        <activity
66-->[com.firebaseui:firebase-ui-auth:7.2.0] AndroidManifest.xml:33:9-37:61
67            android:name="com.firebase.ui.auth.ui.credentials.CredentialSaveActivity"
67-->[com.firebaseui:firebase-ui-auth:7.2.0] AndroidManifest.xml:34:13-86
68            android:exported="false"
68-->[com.firebaseui:firebase-ui-auth:7.2.0] AndroidManifest.xml:35:13-37
69            android:label=""
69-->[com.firebaseui:firebase-ui-auth:7.2.0] AndroidManifest.xml:36:13-29
70            android:theme="@style/FirebaseUI.Transparent" />
70-->[com.firebaseui:firebase-ui-auth:7.2.0] AndroidManifest.xml:37:13-58
71        <activity
71-->[com.firebaseui:firebase-ui-auth:7.2.0] AndroidManifest.xml:38:9-42:58
72            android:name="com.firebase.ui.auth.ui.email.RecoverPasswordActivity"
72-->[com.firebaseui:firebase-ui-auth:7.2.0] AndroidManifest.xml:39:13-81
73            android:exported="false"
73-->[com.firebaseui:firebase-ui-auth:7.2.0] AndroidManifest.xml:40:13-37
74            android:label="@string/fui_title_recover_password_activity"
74-->[com.firebaseui:firebase-ui-auth:7.2.0] AndroidManifest.xml:41:13-72
75            android:windowSoftInputMode="adjustResize" />
75-->[com.firebaseui:firebase-ui-auth:7.2.0] AndroidManifest.xml:42:13-55
76        <activity
76-->[com.firebaseui:firebase-ui-auth:7.2.0] AndroidManifest.xml:43:9-47:58
77            android:name="com.firebase.ui.auth.ui.email.EmailActivity"
77-->[com.firebaseui:firebase-ui-auth:7.2.0] AndroidManifest.xml:44:13-71
78            android:exported="false"
78-->[com.firebaseui:firebase-ui-auth:7.2.0] AndroidManifest.xml:45:13-37
79            android:label="@string/fui_sign_in_default"
79-->[com.firebaseui:firebase-ui-auth:7.2.0] AndroidManifest.xml:46:13-56
80            android:windowSoftInputMode="adjustResize" />
80-->[com.firebaseui:firebase-ui-auth:7.2.0] AndroidManifest.xml:47:13-55
81        <activity
81-->[com.firebaseui:firebase-ui-auth:7.2.0] AndroidManifest.xml:48:9-52:77
82            android:name="com.firebase.ui.auth.ui.phone.PhoneActivity"
82-->[com.firebaseui:firebase-ui-auth:7.2.0] AndroidManifest.xml:49:13-71
83            android:exported="false"
83-->[com.firebaseui:firebase-ui-auth:7.2.0] AndroidManifest.xml:50:13-37
84            android:label="@string/fui_sign_in_with_phone_number"
84-->[com.firebaseui:firebase-ui-auth:7.2.0] AndroidManifest.xml:51:13-66
85            android:windowSoftInputMode="adjustResize|stateAlwaysVisible" />
85-->[com.firebaseui:firebase-ui-auth:7.2.0] AndroidManifest.xml:52:13-74
86        <activity
86-->[com.firebaseui:firebase-ui-auth:7.2.0] AndroidManifest.xml:53:9-57:58
87            android:name="com.firebase.ui.auth.ui.idp.WelcomeBackIdpPrompt"
87-->[com.firebaseui:firebase-ui-auth:7.2.0] AndroidManifest.xml:54:13-76
88            android:exported="false"
88-->[com.firebaseui:firebase-ui-auth:7.2.0] AndroidManifest.xml:55:13-37
89            android:label="@string/fui_title_welcome_back_idp_prompt"
89-->[com.firebaseui:firebase-ui-auth:7.2.0] AndroidManifest.xml:56:13-70
90            android:windowSoftInputMode="adjustResize" />
90-->[com.firebaseui:firebase-ui-auth:7.2.0] AndroidManifest.xml:57:13-55
91        <activity
91-->[com.firebaseui:firebase-ui-auth:7.2.0] AndroidManifest.xml:58:9-62:58
92            android:name="com.firebase.ui.auth.ui.email.WelcomeBackPasswordPrompt"
92-->[com.firebaseui:firebase-ui-auth:7.2.0] AndroidManifest.xml:59:13-83
93            android:exported="false"
93-->[com.firebaseui:firebase-ui-auth:7.2.0] AndroidManifest.xml:60:13-37
94            android:label="@string/fui_title_welcome_back_password_prompt"
94-->[com.firebaseui:firebase-ui-auth:7.2.0] AndroidManifest.xml:61:13-75
95            android:windowSoftInputMode="adjustResize" />
95-->[com.firebaseui:firebase-ui-auth:7.2.0] AndroidManifest.xml:62:13-55
96        <activity
96-->[com.firebaseui:firebase-ui-auth:7.2.0] AndroidManifest.xml:63:9-67:58
97            android:name="com.firebase.ui.auth.ui.email.WelcomeBackEmailLinkPrompt"
97-->[com.firebaseui:firebase-ui-auth:7.2.0] AndroidManifest.xml:64:13-84
98            android:exported="false"
98-->[com.firebaseui:firebase-ui-auth:7.2.0] AndroidManifest.xml:65:13-37
99            android:label="@string/fui_title_welcome_back_password_prompt"
99-->[com.firebaseui:firebase-ui-auth:7.2.0] AndroidManifest.xml:66:13-75
100            android:windowSoftInputMode="adjustResize" />
100-->[com.firebaseui:firebase-ui-auth:7.2.0] AndroidManifest.xml:67:13-55
101        <activity
101-->[com.firebaseui:firebase-ui-auth:7.2.0] AndroidManifest.xml:68:9-73:58
102            android:name="com.firebase.ui.auth.ui.email.EmailLinkCatcherActivity"
102-->[com.firebaseui:firebase-ui-auth:7.2.0] AndroidManifest.xml:69:13-82
103            android:exported="false"
103-->[com.firebaseui:firebase-ui-auth:7.2.0] AndroidManifest.xml:70:13-37
104            android:label=""
104-->[com.firebaseui:firebase-ui-auth:7.2.0] AndroidManifest.xml:71:13-29
105            android:theme="@style/FirebaseUI.Transparent"
105-->[com.firebaseui:firebase-ui-auth:7.2.0] AndroidManifest.xml:72:13-58
106            android:windowSoftInputMode="adjustResize" />
106-->[com.firebaseui:firebase-ui-auth:7.2.0] AndroidManifest.xml:73:13-55
107        <activity
107-->[com.firebaseui:firebase-ui-auth:7.2.0] AndroidManifest.xml:74:9-78:58
108            android:name="com.firebase.ui.auth.ui.email.EmailLinkErrorRecoveryActivity"
108-->[com.firebaseui:firebase-ui-auth:7.2.0] AndroidManifest.xml:75:13-88
109            android:exported="false"
109-->[com.firebaseui:firebase-ui-auth:7.2.0] AndroidManifest.xml:76:13-37
110            android:label="@string/fui_sign_in_default"
110-->[com.firebaseui:firebase-ui-auth:7.2.0] AndroidManifest.xml:77:13-56
111            android:windowSoftInputMode="adjustResize" />
111-->[com.firebaseui:firebase-ui-auth:7.2.0] AndroidManifest.xml:78:13-55
112        <activity
112-->[com.firebaseui:firebase-ui-auth:7.2.0] AndroidManifest.xml:79:9-82:65
113            android:name="com.firebase.ui.auth.ui.idp.AuthMethodPickerActivity"
113-->[com.firebaseui:firebase-ui-auth:7.2.0] AndroidManifest.xml:80:13-80
114            android:exported="false"
114-->[com.firebaseui:firebase-ui-auth:7.2.0] AndroidManifest.xml:81:13-37
115            android:label="@string/fui_default_toolbar_title" />
115-->[com.firebaseui:firebase-ui-auth:7.2.0] AndroidManifest.xml:82:13-62
116        <activity
116-->[com.firebaseui:firebase-ui-auth:7.2.0] AndroidManifest.xml:83:9-87:48
117            android:name="com.facebook.FacebookActivity"
117-->[com.firebaseui:firebase-ui-auth:7.2.0] AndroidManifest.xml:84:13-57
118            android:configChanges="keyboard|keyboardHidden|screenLayout|screenSize|orientation"
118-->[com.firebaseui:firebase-ui-auth:7.2.0] AndroidManifest.xml:85:13-96
119            android:label="@string/app_name" />
119-->[com.firebaseui:firebase-ui-auth:7.2.0] AndroidManifest.xml:86:13-45
120        <activity
120-->[com.firebaseui:firebase-ui-auth:7.2.0] AndroidManifest.xml:88:9-100:20
121            android:name="com.facebook.CustomTabActivity"
121-->[com.firebaseui:firebase-ui-auth:7.2.0] AndroidManifest.xml:89:13-58
122            android:exported="true" >
122-->[com.firebaseui:firebase-ui-auth:7.2.0] AndroidManifest.xml:90:13-36
123            <intent-filter>
123-->[com.firebaseui:firebase-ui-auth:7.2.0] AndroidManifest.xml:92:13-99:29
124                <action android:name="android.intent.action.VIEW" />
124-->[com.firebaseui:firebase-ui-auth:7.2.0] AndroidManifest.xml:93:17-69
124-->[com.firebaseui:firebase-ui-auth:7.2.0] AndroidManifest.xml:93:25-66
125
126                <category android:name="android.intent.category.DEFAULT" />
126-->[com.firebaseui:firebase-ui-auth:7.2.0] AndroidManifest.xml:95:17-76
126-->[com.firebaseui:firebase-ui-auth:7.2.0] AndroidManifest.xml:95:27-73
127                <category android:name="android.intent.category.BROWSABLE" />
127-->[com.firebaseui:firebase-ui-auth:7.2.0] AndroidManifest.xml:96:17-78
127-->[com.firebaseui:firebase-ui-auth:7.2.0] AndroidManifest.xml:96:27-75
128
129                <data android:scheme="@string/facebook_login_protocol_scheme" />
129-->[com.firebaseui:firebase-ui-auth:7.2.0] AndroidManifest.xml:98:17-81
129-->[com.firebaseui:firebase-ui-auth:7.2.0] AndroidManifest.xml:98:23-78
130            </intent-filter>
131        </activity>
132
133        <provider
133-->[com.firebaseui:firebase-ui-auth:7.2.0] AndroidManifest.xml:102:9-106:38
134            android:name="com.firebase.ui.auth.data.client.AuthUiInitProvider"
134-->[com.firebaseui:firebase-ui-auth:7.2.0] AndroidManifest.xml:103:13-79
135            android:authorities="com.example.xsandos.authuiinitprovider"
135-->[com.firebaseui:firebase-ui-auth:7.2.0] AndroidManifest.xml:104:13-70
136            android:exported="false"
136-->[com.firebaseui:firebase-ui-auth:7.2.0] AndroidManifest.xml:105:13-37
137            android:initOrder="90" />
137-->[com.firebaseui:firebase-ui-auth:7.2.0] AndroidManifest.xml:106:13-35
138
139        <service
139-->[com.google.firebase:firebase-firestore:23.0.3] AndroidManifest.xml:17:9-23:19
140            android:name="com.google.firebase.components.ComponentDiscoveryService"
140-->[com.google.firebase:firebase-firestore:23.0.3] AndroidManifest.xml:18:13-84
141            android:directBootAware="true"
141-->[com.google.firebase:firebase-common:20.0.0] AndroidManifest.xml:35:13-43
142            android:exported="false" >
142-->[com.google.firebase:firebase-firestore:23.0.3] AndroidManifest.xml:19:13-37
143            <meta-data
143-->[com.google.firebase:firebase-firestore:23.0.3] AndroidManifest.xml:20:13-22:85
144                android:name="com.google.firebase.components:com.google.firebase.firestore.FirestoreRegistrar"
144-->[com.google.firebase:firebase-firestore:23.0.3] AndroidManifest.xml:21:17-111
145                android:value="com.google.firebase.components.ComponentRegistrar" />
145-->[com.google.firebase:firebase-firestore:23.0.3] AndroidManifest.xml:22:17-82
146            <meta-data
146-->[com.google.firebase:firebase-database:20.0.1] AndroidManifest.xml:32:13-34:85
147                android:name="com.google.firebase.components:com.google.firebase.database.DatabaseRegistrar"
147-->[com.google.firebase:firebase-database:20.0.1] AndroidManifest.xml:33:17-109
148                android:value="com.google.firebase.components.ComponentRegistrar" />
148-->[com.google.firebase:firebase-database:20.0.1] AndroidManifest.xml:34:17-82
149            <meta-data
149-->[com.google.firebase:firebase-auth:21.0.1] AndroidManifest.xml:77:13-79:85
150                android:name="com.google.firebase.components:com.google.firebase.auth.FirebaseAuthRegistrar"
150-->[com.google.firebase:firebase-auth:21.0.1] AndroidManifest.xml:78:17-109
151                android:value="com.google.firebase.components.ComponentRegistrar" />
151-->[com.google.firebase:firebase-auth:21.0.1] AndroidManifest.xml:79:17-82
152            <meta-data
152-->[com.google.android.gms:play-services-measurement-api:19.0.0] AndroidManifest.xml:30:13-32:85
153                android:name="com.google.firebase.components:com.google.firebase.analytics.connector.internal.AnalyticsConnectorRegistrar"
153-->[com.google.android.gms:play-services-measurement-api:19.0.0] AndroidManifest.xml:31:17-139
154                android:value="com.google.firebase.components.ComponentRegistrar" />
154-->[com.google.android.gms:play-services-measurement-api:19.0.0] AndroidManifest.xml:32:17-82
155            <meta-data
155-->[com.google.firebase:firebase-installations:17.0.0] AndroidManifest.xml:18:13-20:85
156                android:name="com.google.firebase.components:com.google.firebase.installations.FirebaseInstallationsRegistrar"
156-->[com.google.firebase:firebase-installations:17.0.0] AndroidManifest.xml:19:17-127
157                android:value="com.google.firebase.components.ComponentRegistrar" />
157-->[com.google.firebase:firebase-installations:17.0.0] AndroidManifest.xml:20:17-82
158        </service>
159
160        <activity
160-->[com.google.firebase:firebase-auth:21.0.1] AndroidManifest.xml:27:9-44:20
161            android:name="com.google.firebase.auth.internal.GenericIdpActivity"
161-->[com.google.firebase:firebase-auth:21.0.1] AndroidManifest.xml:28:13-80
162            android:excludeFromRecents="true"
162-->[com.google.firebase:firebase-auth:21.0.1] AndroidManifest.xml:29:13-46
163            android:exported="true"
163-->[com.google.firebase:firebase-auth:21.0.1] AndroidManifest.xml:30:13-36
164            android:launchMode="singleTask"
164-->[com.google.firebase:firebase-auth:21.0.1] AndroidManifest.xml:31:13-44
165            android:theme="@android:style/Theme.Translucent.NoTitleBar" >
165-->[com.google.firebase:firebase-auth:21.0.1] AndroidManifest.xml:32:13-72
166            <intent-filter>
166-->[com.google.firebase:firebase-auth:21.0.1] AndroidManifest.xml:33:13-43:29
167                <action android:name="android.intent.action.VIEW" />
167-->[com.firebaseui:firebase-ui-auth:7.2.0] AndroidManifest.xml:93:17-69
167-->[com.firebaseui:firebase-ui-auth:7.2.0] AndroidManifest.xml:93:25-66
168
169                <category android:name="android.intent.category.DEFAULT" />
169-->[com.firebaseui:firebase-ui-auth:7.2.0] AndroidManifest.xml:95:17-76
169-->[com.firebaseui:firebase-ui-auth:7.2.0] AndroidManifest.xml:95:27-73
170                <category android:name="android.intent.category.BROWSABLE" />
170-->[com.firebaseui:firebase-ui-auth:7.2.0] AndroidManifest.xml:96:17-78
170-->[com.firebaseui:firebase-ui-auth:7.2.0] AndroidManifest.xml:96:27-75
171
172                <data
172-->[com.firebaseui:firebase-ui-auth:7.2.0] AndroidManifest.xml:98:17-81
173                    android:host="firebase.auth"
174                    android:path="/"
175                    android:scheme="genericidp" />
175-->[com.firebaseui:firebase-ui-auth:7.2.0] AndroidManifest.xml:98:23-78
176            </intent-filter>
177        </activity>
178        <activity
178-->[com.google.firebase:firebase-auth:21.0.1] AndroidManifest.xml:45:9-62:20
179            android:name="com.google.firebase.auth.internal.RecaptchaActivity"
179-->[com.google.firebase:firebase-auth:21.0.1] AndroidManifest.xml:46:13-79
180            android:excludeFromRecents="true"
180-->[com.google.firebase:firebase-auth:21.0.1] AndroidManifest.xml:47:13-46
181            android:exported="true"
181-->[com.google.firebase:firebase-auth:21.0.1] AndroidManifest.xml:48:13-36
182            android:launchMode="singleTask"
182-->[com.google.firebase:firebase-auth:21.0.1] AndroidManifest.xml:49:13-44
183            android:theme="@android:style/Theme.Translucent.NoTitleBar" >
183-->[com.google.firebase:firebase-auth:21.0.1] AndroidManifest.xml:50:13-72
184            <intent-filter>
184-->[com.google.firebase:firebase-auth:21.0.1] AndroidManifest.xml:51:13-61:29
185                <action android:name="android.intent.action.VIEW" />
185-->[com.firebaseui:firebase-ui-auth:7.2.0] AndroidManifest.xml:93:17-69
185-->[com.firebaseui:firebase-ui-auth:7.2.0] AndroidManifest.xml:93:25-66
186
187                <category android:name="android.intent.category.DEFAULT" />
187-->[com.firebaseui:firebase-ui-auth:7.2.0] AndroidManifest.xml:95:17-76
187-->[com.firebaseui:firebase-ui-auth:7.2.0] AndroidManifest.xml:95:27-73
188                <category android:name="android.intent.category.BROWSABLE" />
188-->[com.firebaseui:firebase-ui-auth:7.2.0] AndroidManifest.xml:96:17-78
188-->[com.firebaseui:firebase-ui-auth:7.2.0] AndroidManifest.xml:96:27-75
189
190                <data
190-->[com.firebaseui:firebase-ui-auth:7.2.0] AndroidManifest.xml:98:17-81
191                    android:host="firebase.auth"
192                    android:path="/"
193                    android:scheme="recaptcha" />
193-->[com.firebaseui:firebase-ui-auth:7.2.0] AndroidManifest.xml:98:23-78
194            </intent-filter>
195        </activity>
196
197        <service
197-->[com.google.firebase:firebase-auth:21.0.1] AndroidManifest.xml:64:9-73:19
198            android:name="com.google.firebase.auth.api.fallback.service.FirebaseAuthFallbackService"
198-->[com.google.firebase:firebase-auth:21.0.1] AndroidManifest.xml:65:13-101
199            android:enabled="true"
199-->[com.google.firebase:firebase-auth:21.0.1] AndroidManifest.xml:66:13-35
200            android:exported="false" >
200-->[com.google.firebase:firebase-auth:21.0.1] AndroidManifest.xml:67:13-37
201            <intent-filter>
201-->[com.google.firebase:firebase-auth:21.0.1] AndroidManifest.xml:68:13-72:29
202                <action android:name="com.google.firebase.auth.api.gms.service.START" />
202-->[com.google.firebase:firebase-auth:21.0.1] AndroidManifest.xml:69:17-89
202-->[com.google.firebase:firebase-auth:21.0.1] AndroidManifest.xml:69:25-86
203
204                <category android:name="android.intent.category.DEFAULT" />
204-->[com.firebaseui:firebase-ui-auth:7.2.0] AndroidManifest.xml:95:17-76
204-->[com.firebaseui:firebase-ui-auth:7.2.0] AndroidManifest.xml:95:27-73
205            </intent-filter>
206        </service>
207
208        <activity
208-->[com.google.android.gms:play-services-auth:19.0.0] AndroidManifest.xml:23:9-27:75
209            android:name="com.google.android.gms.auth.api.signin.internal.SignInHubActivity"
209-->[com.google.android.gms:play-services-auth:19.0.0] AndroidManifest.xml:24:13-93
210            android:excludeFromRecents="true"
210-->[com.google.android.gms:play-services-auth:19.0.0] AndroidManifest.xml:25:13-46
211            android:exported="false"
211-->[com.google.android.gms:play-services-auth:19.0.0] AndroidManifest.xml:26:13-37
212            android:theme="@android:style/Theme.Translucent.NoTitleBar" />
212-->[com.google.android.gms:play-services-auth:19.0.0] AndroidManifest.xml:27:13-72
213        <!--
214            Service handling Google Sign-In user revocation. For apps that do not integrate with
215            Google Sign-In, this service will never be started.
216        -->
217        <service
217-->[com.google.android.gms:play-services-auth:19.0.0] AndroidManifest.xml:33:9-37:51
218            android:name="com.google.android.gms.auth.api.signin.RevocationBoundService"
218-->[com.google.android.gms:play-services-auth:19.0.0] AndroidManifest.xml:34:13-89
219            android:exported="true"
219-->[com.google.android.gms:play-services-auth:19.0.0] AndroidManifest.xml:35:13-36
220            android:permission="com.google.android.gms.auth.api.signin.permission.REVOCATION_NOTIFICATION"
220-->[com.google.android.gms:play-services-auth:19.0.0] AndroidManifest.xml:36:13-107
221            android:visibleToInstantApps="true" />
221-->[com.google.android.gms:play-services-auth:19.0.0] AndroidManifest.xml:37:13-48
222
223        <activity
223-->[com.google.android.gms:play-services-base:17.1.0] AndroidManifest.xml:23:9-26:75
224            android:name="com.google.android.gms.common.api.GoogleApiActivity"
224-->[com.google.android.gms:play-services-base:17.1.0] AndroidManifest.xml:24:13-79
225            android:exported="false"
225-->[com.google.android.gms:play-services-base:17.1.0] AndroidManifest.xml:25:13-37
226            android:theme="@android:style/Theme.Translucent.NoTitleBar" />
226-->[com.google.android.gms:play-services-base:17.1.0] AndroidManifest.xml:26:13-72
227
228        <receiver
228-->[com.google.android.gms:play-services-measurement:19.0.0] AndroidManifest.xml:29:9-33:20
229            android:name="com.google.android.gms.measurement.AppMeasurementReceiver"
229-->[com.google.android.gms:play-services-measurement:19.0.0] AndroidManifest.xml:30:13-85
230            android:enabled="true"
230-->[com.google.android.gms:play-services-measurement:19.0.0] AndroidManifest.xml:31:13-35
231            android:exported="false" >
231-->[com.google.android.gms:play-services-measurement:19.0.0] AndroidManifest.xml:32:13-37
232        </receiver>
233
234        <service
234-->[com.google.android.gms:play-services-measurement:19.0.0] AndroidManifest.xml:35:9-38:40
235            android:name="com.google.android.gms.measurement.AppMeasurementService"
235-->[com.google.android.gms:play-services-measurement:19.0.0] AndroidManifest.xml:36:13-84
236            android:enabled="true"
236-->[com.google.android.gms:play-services-measurement:19.0.0] AndroidManifest.xml:37:13-35
237            android:exported="false" />
237-->[com.google.android.gms:play-services-measurement:19.0.0] AndroidManifest.xml:38:13-37
238        <service
238-->[com.google.android.gms:play-services-measurement:19.0.0] AndroidManifest.xml:39:9-43:72
239            android:name="com.google.android.gms.measurement.AppMeasurementJobService"
239-->[com.google.android.gms:play-services-measurement:19.0.0] AndroidManifest.xml:40:13-87
240            android:enabled="true"
240-->[com.google.android.gms:play-services-measurement:19.0.0] AndroidManifest.xml:41:13-35
241            android:exported="false"
241-->[com.google.android.gms:play-services-measurement:19.0.0] AndroidManifest.xml:42:13-37
242            android:permission="android.permission.BIND_JOB_SERVICE" />
242-->[com.google.android.gms:play-services-measurement:19.0.0] AndroidManifest.xml:43:13-69
243
244        <provider
244-->[com.google.firebase:firebase-common:20.0.0] AndroidManifest.xml:26:9-31:39
245            android:name="com.google.firebase.provider.FirebaseInitProvider"
245-->[com.google.firebase:firebase-common:20.0.0] AndroidManifest.xml:27:13-77
246            android:authorities="com.example.xsandos.firebaseinitprovider"
246-->[com.google.firebase:firebase-common:20.0.0] AndroidManifest.xml:28:13-72
247            android:directBootAware="true"
247-->[com.google.firebase:firebase-common:20.0.0] AndroidManifest.xml:29:13-43
248            android:exported="false"
248-->[com.google.firebase:firebase-common:20.0.0] AndroidManifest.xml:30:13-37
249            android:initOrder="100" />
249-->[com.google.firebase:firebase-common:20.0.0] AndroidManifest.xml:31:13-36
250        <provider
250-->[androidx.lifecycle:lifecycle-process:2.2.0] AndroidManifest.xml:25:9-29:43
251            android:name="androidx.lifecycle.ProcessLifecycleOwnerInitializer"
251-->[androidx.lifecycle:lifecycle-process:2.2.0] AndroidManifest.xml:26:13-79
252            android:authorities="com.example.xsandos.lifecycle-process"
252-->[androidx.lifecycle:lifecycle-process:2.2.0] AndroidManifest.xml:27:13-69
253            android:exported="false"
253-->[androidx.lifecycle:lifecycle-process:2.2.0] AndroidManifest.xml:28:13-37
254            android:multiprocess="true" />
254-->[androidx.lifecycle:lifecycle-process:2.2.0] AndroidManifest.xml:29:13-40
255    </application>
256
257</manifest>